mode: set
c2dk-operator/internal/controller/c2app_controller.go:59.112,61.16 2 0
c2dk-operator/internal/controller/c2app_controller.go:61.16,63.40 1 0
c2dk-operator/internal/controller/c2app_controller.go:63.40,66.4 2 0
c2dk-operator/internal/controller/c2app_controller.go:68.3,68.20 1 0
c2dk-operator/internal/controller/c2app_controller.go:70.2,70.18 1 0
c2dk-operator/internal/controller/c2app_controller.go:73.104,77.37 2 0
c2dk-operator/internal/controller/c2app_controller.go:77.37,78.85 1 0
c2dk-operator/internal/controller/c2app_controller.go:78.85,81.4 2 0
c2dk-operator/internal/controller/c2app_controller.go:82.3,82.45 1 0
c2dk-operator/internal/controller/c2app_controller.go:82.45,85.4 1 0
c2dk-operator/internal/controller/c2app_controller.go:86.3,87.14 2 0
c2dk-operator/internal/controller/c2app_controller.go:89.2,89.13 1 0
c2dk-operator/internal/controller/c2app_controller.go:93.138,100.66 3 0
c2dk-operator/internal/controller/c2app_controller.go:100.66,102.32 1 0
c2dk-operator/internal/controller/c2app_controller.go:102.32,105.4 2 0
c2dk-operator/internal/controller/c2app_controller.go:107.3,107.58 1 0
c2dk-operator/internal/controller/c2app_controller.go:107.58,110.4 2 0
c2dk-operator/internal/controller/c2app_controller.go:111.3,111.53 1 0
c2dk-operator/internal/controller/c2app_controller.go:112.8,115.61 2 0
c2dk-operator/internal/controller/c2app_controller.go:115.61,118.4 2 0
c2dk-operator/internal/controller/c2app_controller.go:119.3,119.53 1 0
c2dk-operator/internal/controller/c2app_controller.go:123.2,124.6 2 0
c2dk-operator/internal/controller/c2app_controller.go:124.6,127.67 3 0
c2dk-operator/internal/controller/c2app_controller.go:127.67,128.33 1 0
c2dk-operator/internal/controller/c2app_controller.go:128.33,131.5 2 0
c2dk-operator/internal/controller/c2app_controller.go:133.3,133.19 1 0
c2dk-operator/internal/controller/c2app_controller.go:133.19,136.4 2 0
c2dk-operator/internal/controller/c2app_controller.go:138.3,138.58 1 0
c2dk-operator/internal/controller/c2app_controller.go:138.58,140.9 2 0
c2dk-operator/internal/controller/c2app_controller.go:143.2,143.12 1 0
c2dk-operator/internal/controller/c2app_controller.go:147.135,153.63 3 0
c2dk-operator/internal/controller/c2app_controller.go:153.63,155.32 1 0
c2dk-operator/internal/controller/c2app_controller.go:155.32,158.4 2 0
c2dk-operator/internal/controller/c2app_controller.go:160.3,160.55 1 0
c2dk-operator/internal/controller/c2app_controller.go:160.55,163.4 2 0
c2dk-operator/internal/controller/c2app_controller.go:164.3,164.50 1 0
c2dk-operator/internal/controller/c2app_controller.go:165.8,168.58 2 0
c2dk-operator/internal/controller/c2app_controller.go:168.58,171.4 2 0
c2dk-operator/internal/controller/c2app_controller.go:172.3,172.50 1 0
c2dk-operator/internal/controller/c2app_controller.go:174.2,174.12 1 0
c2dk-operator/internal/controller/c2app_controller.go:178.137,179.35 1 0
c2dk-operator/internal/controller/c2app_controller.go:179.35,185.66 3 0
c2dk-operator/internal/controller/c2app_controller.go:185.66,187.33 1 0
c2dk-operator/internal/controller/c2app_controller.go:187.33,190.5 2 0
c2dk-operator/internal/controller/c2app_controller.go:192.4,192.58 1 0
c2dk-operator/internal/controller/c2app_controller.go:192.58,195.5 2 0
c2dk-operator/internal/controller/c2app_controller.go:196.4,196.52 1 0
c2dk-operator/internal/controller/c2app_controller.go:197.9,199.58 2 0
c2dk-operator/internal/controller/c2app_controller.go:199.58,202.5 2 0
c2dk-operator/internal/controller/c2app_controller.go:203.4,203.52 1 0
c2dk-operator/internal/controller/c2app_controller.go:206.2,206.12 1 0
c2dk-operator/internal/controller/c2app_controller.go:210.131,211.34 1 0
c2dk-operator/internal/controller/c2app_controller.go:211.34,217.78 3 0
c2dk-operator/internal/controller/c2app_controller.go:217.78,219.33 1 0
c2dk-operator/internal/controller/c2app_controller.go:219.33,222.5 2 0
c2dk-operator/internal/controller/c2app_controller.go:224.4,224.70 1 0
c2dk-operator/internal/controller/c2app_controller.go:224.70,227.5 2 0
c2dk-operator/internal/controller/c2app_controller.go:228.4,228.50 1 0
c2dk-operator/internal/controller/c2app_controller.go:229.9,233.4 2 0
c2dk-operator/internal/controller/c2app_controller.go:235.2,235.12 1 0
c2dk-operator/internal/controller/c2app_controller.go:239.134,240.32 1 0
c2dk-operator/internal/controller/c2app_controller.go:240.32,246.63 3 0
c2dk-operator/internal/controller/c2app_controller.go:246.63,247.33 1 0
c2dk-operator/internal/controller/c2app_controller.go:247.33,250.5 2 0
c2dk-operator/internal/controller/c2app_controller.go:251.4,251.55 1 0
c2dk-operator/internal/controller/c2app_controller.go:251.55,254.5 2 0
c2dk-operator/internal/controller/c2app_controller.go:255.4,255.49 1 0
c2dk-operator/internal/controller/c2app_controller.go:256.9,258.58 2 0
c2dk-operator/internal/controller/c2app_controller.go:258.58,261.5 2 0
c2dk-operator/internal/controller/c2app_controller.go:262.4,262.49 1 0
c2dk-operator/internal/controller/c2app_controller.go:265.2,265.12 1 0
c2dk-operator/internal/controller/c2app_controller.go:268.128,269.17 1 0
c2dk-operator/internal/controller/c2app_controller.go:269.17,271.3 1 0
c2dk-operator/internal/controller/c2app_controller.go:273.2,278.54 2 0
c2dk-operator/internal/controller/c2app_controller.go:278.54,280.3 1 0
c2dk-operator/internal/controller/c2app_controller.go:281.2,281.12 1 0
c2dk-operator/internal/controller/c2app_controller.go:284.106,286.38 1 0
c2dk-operator/internal/controller/c2app_controller.go:286.38,288.53 2 0
c2dk-operator/internal/controller/c2app_controller.go:288.53,291.4 2 0
c2dk-operator/internal/controller/c2app_controller.go:291.9,294.4 2 0
c2dk-operator/internal/controller/c2app_controller.go:296.2,299.34 2 0
c2dk-operator/internal/controller/c2app_controller.go:299.34,301.3 1 0
c2dk-operator/internal/controller/c2app_controller.go:304.2,309.54 4 0
c2dk-operator/internal/controller/c2app_controller.go:309.54,311.3 1 0
c2dk-operator/internal/controller/c2app_controller.go:314.2,314.43 1 0
c2dk-operator/internal/controller/c2app_controller.go:314.43,316.28 1 0
c2dk-operator/internal/controller/c2app_controller.go:316.28,318.18 2 0
c2dk-operator/internal/controller/c2app_controller.go:318.18,319.125 1 0
c2dk-operator/internal/controller/c2app_controller.go:319.125,321.6 1 0
c2dk-operator/internal/controller/c2app_controller.go:322.5,322.15 1 0
c2dk-operator/internal/controller/c2app_controller.go:324.4,324.119 1 0
c2dk-operator/internal/controller/c2app_controller.go:324.119,326.5 1 0
c2dk-operator/internal/controller/c2app_controller.go:330.3,330.64 1 0
c2dk-operator/internal/controller/c2app_controller.go:330.64,333.18 3 0
c2dk-operator/internal/controller/c2app_controller.go:333.18,334.125 1 0
c2dk-operator/internal/controller/c2app_controller.go:334.125,336.6 1 0
c2dk-operator/internal/controller/c2app_controller.go:337.5,337.15 1 0
c2dk-operator/internal/controller/c2app_controller.go:339.4,339.125 1 0
c2dk-operator/internal/controller/c2app_controller.go:339.125,341.5 1 0
c2dk-operator/internal/controller/c2app_controller.go:345.3,345.30 1 0
c2dk-operator/internal/controller/c2app_controller.go:345.30,347.18 2 0
c2dk-operator/internal/controller/c2app_controller.go:347.18,348.137 1 0
c2dk-operator/internal/controller/c2app_controller.go:348.137,350.6 1 0
c2dk-operator/internal/controller/c2app_controller.go:351.5,351.15 1 0
c2dk-operator/internal/controller/c2app_controller.go:353.4,353.131 1 0
c2dk-operator/internal/controller/c2app_controller.go:353.131,355.5 1 0
c2dk-operator/internal/controller/c2app_controller.go:359.3,359.27 1 0
c2dk-operator/internal/controller/c2app_controller.go:359.27,361.18 2 0
c2dk-operator/internal/controller/c2app_controller.go:361.18,362.131 1 0
c2dk-operator/internal/controller/c2app_controller.go:362.131,364.6 1 0
c2dk-operator/internal/controller/c2app_controller.go:365.5,365.15 1 0
c2dk-operator/internal/controller/c2app_controller.go:367.4,367.125 1 0
c2dk-operator/internal/controller/c2app_controller.go:367.125,369.5 1 0
c2dk-operator/internal/controller/c2app_controller.go:373.3,374.17 2 0
c2dk-operator/internal/controller/c2app_controller.go:374.17,375.138 1 0
c2dk-operator/internal/controller/c2app_controller.go:375.138,377.5 1 0
c2dk-operator/internal/controller/c2app_controller.go:378.4,378.14 1 0
c2dk-operator/internal/controller/c2app_controller.go:380.3,380.132 1 0
c2dk-operator/internal/controller/c2app_controller.go:380.132,382.4 1 0
c2dk-operator/internal/controller/c2app_controller.go:387.2,388.30 2 0
c2dk-operator/internal/controller/c2app_controller.go:388.30,390.3 1 0
c2dk-operator/internal/controller/c2app_controller.go:390.8,394.3 1 0
c2dk-operator/internal/controller/c2app_controller.go:395.2,395.52 1 0
c2dk-operator/internal/controller/c2app_controller.go:395.52,398.3 2 0
c2dk-operator/internal/controller/c2app_controller.go:399.2,402.124 2 0
c2dk-operator/internal/controller/c2app_controller.go:402.124,404.3 1 0
c2dk-operator/internal/controller/c2app_controller.go:406.2,406.12 1 0
c2dk-operator/internal/controller/c2app_controller.go:409.97,417.16 4 0
c2dk-operator/internal/controller/c2app_controller.go:417.16,419.3 1 0
c2dk-operator/internal/controller/c2app_controller.go:422.2,422.33 1 0
c2dk-operator/internal/controller/c2app_controller.go:422.33,424.3 1 0
c2dk-operator/internal/controller/c2app_controller.go:427.2,427.36 1 0
c2dk-operator/internal/controller/c2app_controller.go:427.36,430.3 2 0
c2dk-operator/internal/controller/c2app_controller.go:433.2,433.54 1 0
c2dk-operator/internal/controller/c2app_controller.go:433.54,435.3 1 0
c2dk-operator/internal/controller/c2app_controller.go:437.2,437.27 1 0
c2dk-operator/internal/controller/c2app_controller.go:441.68,445.2 1 0
c2dk-operator/internal/controller/event_controller.go:49.97,55.2 2 0
c2dk-operator/internal/controller/event_controller.go:58.68,62.2 1 0
